c:\users\windows\source\repos\project3\project3\debug\vc142.pdb
c:\users\windows\source\repos\project3\project3\debug\vc142.idb
c:\users\windows\source\repos\project3\project3\debug\source1.obj
c:\users\windows\source\repos\project3\project3\debug\id_verify.obj
c:\users\windows\source\repos\project3\project3\debug\id_verify.obj.enc
c:\users\windows\source\repos\project3\project3\debug\source1.obj.enc
c:\users\windows\source\repos\project3\debug\project3.pdb
c:\users\windows\source\repos\project3\project3\debug\project3.tlog\cl.command.1.tlog
c:\users\windows\source\repos\project3\project3\debug\project3.tlog\cl.read.1.tlog
c:\users\windows\source\repos\project3\project3\debug\project3.tlog\cl.write.1.tlog
c:\users\windows\source\repos\project3\project3\debug\project3.tlog\link-cvtres.read.1.tlog
c:\users\windows\source\repos\project3\project3\debug\project3.tlog\link-cvtres.write.1.tlog
c:\users\windows\source\repos\project3\project3\debug\project3.tlog\link-rc.read.1.tlog
c:\users\windows\source\repos\project3\project3\debug\project3.tlog\link-rc.write.1.tlog
c:\users\windows\source\repos\project3\project3\debug\project3.tlog\link.15296-cvtres.read.1.tlog
c:\users\windows\source\repos\project3\project3\debug\project3.tlog\link.15296-cvtres.write.1.tlog
c:\users\windows\source\repos\project3\project3\debug\project3.tlog\link.15296-rc.read.1.tlog
c:\users\windows\source\repos\project3\project3\debug\project3.tlog\link.15296-rc.write.1.tlog
c:\users\windows\source\repos\project3\project3\debug\project3.tlog\link.15296.read.1.tlog
c:\users\windows\source\repos\project3\project3\debug\project3.tlog\link.15296.write.1.tlog
c:\users\windows\source\repos\project3\project3\debug\project3.tlog\link.command.1.tlog
c:\users\windows\source\repos\project3\project3\debug\project3.tlog\link.read.1.tlog
c:\users\windows\source\repos\project3\project3\debug\project3.tlog\link.write.1.tlog
